2022-02-06 23:46:46,633:DEBUG:discord.client: on_ready has successfully been registered as an event
2022-02-06 23:46:46,633:DEBUG:discord.client: on_message has successfully been registered as an event
2022-02-06 23:46:46,633:INFO:discord.client: logging in using static token
2022-02-06 23:46:46,814:DEBUG:discord.http: GET https://discord.com/api/v7/users/@me with None has returned 200
2022-02-06 23:46:46,815:DEBUG:discord.http: GET https://discord.com/api/v7/users/@me has received {'id': '932062426063581244', 'username': 'Dr. NoNo', 'avatar': 'aaadd7ce399706e2ff87b65318a89e02', 'discriminator': '9815', 'public_flags': 0, 'flags': 0, 'bot': True, 'banner': None, 'banner_color': None, 'accent_color': None, 'bio': '', 'locale': 'en-US', 'mfa_enabled': False, 'email': None, 'verified': True}
2022-02-06 23:46:46,845:DEBUG:discord.http: GET https://discord.com/api/v7/gateway with None has returned 200
2022-02-06 23:46:46,846:DEBUG:discord.http: GET https://discord.com/api/v7/gateway has received {'url': 'wss://gateway.discord.gg'}
2022-02-06 23:46:47,021:DEBUG:discord.gateway: Created websocket connected to wss://gateway.discord.gg?encoding=json&v=6&compress=zlib-stream
2022-02-06 23:46:47,021:DEBUG:discord.client: Dispatching event socket_raw_receive
2022-02-06 23:46:47,021:DEBUG:discord.gateway: For Shard ID None: WebSocket Event: {'t': None, 's': None, 'op': 10, 'd': {'heartbeat_interval': 41250, '_trace': ['["gateway-prd-main-0k83",{"micros":0.0}]']}}
2022-02-06 23:46:47,021:DEBUG:discord.client: Dispatching event socket_response
2022-02-06 23:46:47,021:DEBUG:discord.client: Dispatching event socket_raw_send
2022-02-06 23:46:47,022:DEBUG:discord.client: Dispatching event socket_raw_send
2022-02-06 23:46:47,022:INFO:discord.gateway: Shard ID None has sent the IDENTIFY payload.
2022-02-06 23:46:47,064:DEBUG:discord.client: Dispatching event socket_raw_receive
2022-02-06 23:46:47,064:DEBUG:discord.gateway: For Shard ID None: WebSocket Event: {'t': None, 's': None, 'op': 11, 'd': None}
2022-02-06 23:46:47,064:DEBUG:discord.client: Dispatching event socket_response
2022-02-06 23:46:47,146:DEBUG:discord.client: Dispatching event socket_raw_receive
2022-02-06 23:46:47,146:DEBUG:discord.gateway: For Shard ID None: WebSocket Event: {'t': 'READY', 's': 1, 'op': 0, 'd': {'v': 6, 'user_settings': {}, 'user': {'verified': True, 'username': 'Dr. NoNo', 'mfa_enabled': False, 'id': '932062426063581244', 'flags': 0, 'email': None, 'discriminator': '9815', 'bot': True, 'avatar': 'aaadd7ce399706e2ff87b65318a89e02'}, 'session_id': '718f3fd799bacfc39a9b76df20cc7164', 'relationships': [], 'private_channels': [], 'presences': [], 'guilds': [{'unavailable': True, 'id': '807749514642587728'}], 'guild_join_requests': [], 'geo_ordered_rtc_regions': ['newark', 'us-east', 'us-central', 'atlanta', 'us-south'], 'application': {'id': '932062426063581244', 'flags': 786432}, '_trace': ['["gateway-prd-main-0k83",{"micros":75815,"calls":["discord-sessions-blue-prd-2-167",{"micros":71886,"calls":["start_session",{"micros":35204,"calls":["api-prd-main-610z",{"micros":30569,"calls":["get_user",{"micros":4086},"add_authorized_ip",{"micros":1456},"get_guilds",{"micros":5089},"coros_wait",{"micros":1}]}]},"guilds_connect",{"micros":2,"calls":[]},"presence_connect",{"micros":24807,"calls":[]}]}]}]']}}
2022-02-06 23:46:47,146:DEBUG:discord.client: Dispatching event socket_response
2022-02-06 23:46:47,146:INFO:discord.gateway: Shard ID None has connected to Gateway: ["gateway-prd-main-0k83",{"micros":75815,"calls":["discord-sessions-blue-prd-2-167",{"micros":71886,"calls":["start_session",{"micros":35204,"calls":["api-prd-main-610z",{"micros":30569,"calls":["get_user",{"micros":4086},"add_authorized_ip",{"micros":1456},"get_guilds",{"micros":5089},"coros_wait",{"micros":1}]}]},"guilds_connect",{"micros":2,"calls":[]},"presence_connect",{"micros":24807,"calls":[]}]}]}] (Session ID: 718f3fd799bacfc39a9b76df20cc7164).
2022-02-06 23:46:47,168:DEBUG:discord.client: Dispatching event connect
2022-02-06 23:46:47,168:DEBUG:discord.client: Dispatching event socket_raw_receive
2022-02-06 23:46:47,168:DEBUG:discord.gateway: For Shard ID None: WebSocket Event: {'t': 'GUILD_CREATE', 's': 2, 'op': 0, 'd': {'name': 'The Brigands', 'embedded_activities': [], 'premium_subscription_count': 0, 'system_channel_id': '807749514642587731', 'presences': [], 'description': None, 'vanity_url_code': None, 'member_count': 3, 'owner_id': '417148070585827349', 'nsfw': False, 'hub_type': None, 'banner': None, 'application_id': None, 'channels': [{'type': 4, 'position': 0, 'permission_overwrites': [], 'name': 'Text Channels', 'id': '807749514642587729'}, {'type': 4, 'position': 0, 'permission_overwrites': [], 'name': 'Voice Channels', 'id': '807749514642587730'}, {'type': 0, 'topic': None, 'rate_limit_per_user': 0, 'position': 0, 'permission_overwrites': [], 'parent_id': '807749514642587729', 'name': 'general', 'last_message_id': '940035696356372490', 'id': '807749514642587731'}, {'user_limit': 0, 'type': 2, 'rtc_region': None, 'rate_limit_per_user': 0, 'position': 0, 'permission_overwrites': [], 'parent_id': '807749514642587730', 'name': 'General', 'last_message_id': None, 'id': '807749514642587732', 'bitrate': 64000}, {'type': 0, 'topic': None, 'rate_limit_per_user': 0, 'position': 1, 'permission_overwrites': [{'type': 'member', 'id': '932062426063581244', 'deny_new': '0', 'deny': 0, 'allow_new': '1024', 'allow': 1024}, {'type': 'role', 'id': '807972428855771167', 'deny_new': '0', 'deny': 0, 'allow_new': '1024', 'allow': 1024}, {'type': 'role', 'id': '807749514642587728', 'deny_new': '1024', 'deny': 1024, 'allow_new': '0', 'allow': 0}], 'name': 'bot_testing', 'last_message_id': '940029466028159007', 'id': '807816004658921502'}, {'user_limit': 0, 'type': 2, 'rtc_region': None, 'rate_limit_per_user': 0, 'position': 1, 'permission_overwrites': [], 'name': '3K Brandywine', 'last_message_id': None, 'id': '808007314258788392', 'bitrate': 96000}, {'type': 0, 'topic': None, 'rate_limit_per_user': 0, 'position': 2, 'permission_overwrites': [{'type': 'role', 'id': '807749514642587728', 'deny_new': '1024', 'deny': 1024, 'allow_new': '0', 'allow': 0}], 'name': 'private', 'last_message_id': '939997807996207124', 'id': '854167325317005392'}, {'type': 0, 'topic': None, 'rate_limit_per_user': 0, 'position': 3, 'permission_overwrites': [{'type': 'role', 'id': '807749514642587728', 'deny_new': '1024', 'deny': 1024, 'allow_new': '0', 'allow': 0}], 'name': 'no-bots-allowed', 'last_message_id': '939995669844856853', 'id': '939995623611060265'}], 'unavailable': False, 'max_video_channel_users': 25, 'stickers': [], 'voice_states': [], 'system_channel_flags': 0, 'roles': [{'unicode_emoji': None, 'position': 0, 'permissions_new': '1071698660929', 'permissions': 104320577, 'name': '@everyone', 'mentionable': False, 'managed': False, 'id': '807749514642587728', 'icon': None, 'hoist': False, 'color': 0}, {'unicode_emoji': None, 'tags': {'bot_id': '807971461226692649'}, 'position': 3, 'permissions_new': '8090287936', 'permissions': 1647836992, 'name': 'Dylan-Bot', 'mentionable': False, 'managed': True, 'id': '807972428855771167', 'icon': None, 'hoist': False, 'color': 0}, {'unicode_emoji': None, 'tags': {'bot_id': '932062426063581244'}, 'position': 1, 'permissions_new': '274878007360', 'permissions': 100416, 'name': 'Dr. NoNo', 'mentionable': False, 'managed': True, 'id': '939996586811981886', 'icon': None, 'hoist': False, 'color': 0}], 'max_members': 500000, 'icon': '57831427ae0a800255fd986d26c35581', 'emojis': [], 'splash': None, 'afk_channel_id': None, 'verification_level': 0, 'guild_hashes': {'version': 1, 'roles': {'omitted': False, 'hash': '4hPfrz3MyfI'}, 'metadata': {'omitted': False, 'hash': 'dODG5hlfhRs'}, 'channels': {'omitted': False, 'hash': 'BIrqEHga4GQ'}}, 'preferred_locale': 'en-US', 'region': 'deprecated', 'members': [{'user': {'username': 'Dr. NoNo', 'id': '932062426063581244', 'discriminator': '9815', 'bot': True, 'avatar': 'aaadd7ce399706e2ff87b65318a89e02'}, 'roles': ['939996586811981886'], 'mute': False, 'joined_at': '2022-02-06T21:30:50.624000+00:00', 'hoisted_role': None, 'deaf': False}], 'threads': [], 'public_updates_channel_id': None, 'stage_instances': [], 'lazy': True, 'features': [], 'application_command_counts': {'3': 0, '2': 0, '1': 0}, 'default_message_notifications': 0, 'application_command_count': 0, 'afk_timeout': 300, 'guild_scheduled_events': [], 'id': '807749514642587728', 'mfa_level': 0, 'explicit_content_filter': 0, 'nsfw_level': 0, 'large': False, 'joined_at': '2022-02-06T21:30:50.624000+00:00', 'premium_tier': 0, 'premium_progress_bar_enabled': False, 'rules_channel_id': None, 'discovery_splash': None}}
2022-02-06 23:46:47,168:DEBUG:discord.client: Dispatching event socket_response
2022-02-06 23:46:47,169:DEBUG:discord.client: Dispatching event guild_available
2022-02-06 23:46:49,175:DEBUG:discord.client: Dispatching event ready
2022-02-06 23:46:49,840:INFO:discord.client: Cleaning up tasks.
2022-02-06 23:46:49,840:INFO:discord.client: Cleaning up after 1 tasks.
2022-02-06 23:46:49,860:INFO:discord.client: All tasks finished cancelling.
2022-02-06 23:46:49,860:INFO:discord.client: Closing the event loop.
